<?xml version="1.0" encoding="UTF-8"?>
<testsuite xmlns:xsi="http://www.w3.org/2001/XMLSchema-instance" xsi:noNamespaceSchemaLocation="https://maven.apache.org/surefire/maven-surefire-plugin/xsd/surefire-test-report.xsd" version="3.0.2" name="com.example.MyResourceTest" time="85.378" tests="3" errors="0" skipped="0" failures="0">
  <properties>
[...]
</properties>
  <testcase name="testGetIt" classname="com.example.MyResourceTest" time="0.794">
    <system-err><![CDATA[nov. 14, 2024 4:48:28 PM org.glassfish.grizzly.http.server.NetworkListener start
INFORMAÇÕES: Started listener bound to [localhost:8080]
nov. 14, 2024 4:48:28 PM org.glassfish.grizzly.http.server.HttpServer start
INFORMAÇÕES: [HttpServer] Started.
nov. 14, 2024 4:48:28 PM org.glassfish.grizzly.http.server.NetworkListener shutdownNow
INFORMAÇÕES: Stopped listener bound to [localhost:8080]
]]></system-err>
  </testcase>
  <testcase name="testCreateProjeto" classname="com.example.MyResourceTest" time="0.123">
    <system-err><![CDATA[nov. 14, 2024 4:48:28 PM org.glassfish.grizzly.http.server.NetworkListener start
INFORMAÇÕES: Started listener bound to [localhost:8080]
nov. 14, 2024 4:48:28 PM org.glassfish.grizzly.http.server.HttpServer start
INFORMAÇÕES: [HttpServer-1] Started.
nov. 14, 2024 4:48:28 PM org.glassfish.grizzly.http.server.NetworkListener shutdownNow
INFORMAÇÕES: Stopped listener bound to [localhost:8080]
]]></system-err>
  </testcase>
  <testcase name="testListarProjetos" classname="com.example.MyResourceTest" time="84.441">
    <system-err><![CDATA[nov. 14, 2024 4:48:28 PM org.glassfish.grizzly.http.server.NetworkListener start
INFORMAÇÕES: Started listener bound to [localhost:8080]
nov. 14, 2024 4:48:28 PM org.glassfish.grizzly.http.server.HttpServer start
INFORMAÇÕES: [HttpServer-2] Started.
java.sql.SQLException: ORA-12541: Não é possível estabelecer conexão. Não há listener em host fiap.com.br port 1521. (CONNECTION_ID=6z6bKXOTQ4WNLOhwYIAIPg==)
https://docs.oracle.com/error-help/db/ora-12541/
	at oracle.jdbc.driver.T4CConnection.handleLogonNetException(T4CConnection.java:1617)
	at oracle.jdbc.driver.T4CConnection.logon(T4CConnection.java:1139)
	at oracle.jdbc.driver.PhysicalConnection.connect(PhysicalConnection.java:1206)
	at oracle.jdbc.driver.T4CDriverExtension.getConnection(T4CDriverExtension.java:105)
	at oracle.jdbc.driver.OracleDriver.connect(OracleDriver.java:886)
	at oracle.jdbc.driver.OracleDriver.connect(OracleDriver.java:693)
	at java.sql/java.sql.DriverManager.getConnection(DriverManager.java:681)
	at java.sql/java.sql.DriverManager.getConnection(DriverManager.java:229)
	at com.example.Controller.ConnectionFactory.getConnection(ConnectionFactory.java:13)
	at com.example.Infra.ProjetoDAO.listarProjetos(ProjetoDAO.java:17)
	at com.example.Model.ProjetoBO.listarProjetos(ProjetoBO.java:10)
	at com.example.Controller.ProjetoResource.listarProjetos(ProjetoResource.java:18)
	at java.base/jdk.internal.reflect.NativeMethodAccessorImpl.invoke0(Native Method)
	at java.base/jdk.internal.reflect.NativeMethodAccessorImpl.invoke(NativeMethodAccessorImpl.java:77)
	at java.base/jdk.internal.reflect.DelegatingMethodAccessorImpl.invoke(DelegatingMethodAccessorImpl.java:43)
	at java.base/java.lang.reflect.Method.invoke(Method.java:568)
	at org.glassfish.jersey.server.model.internal.ResourceMethodInvocationHandlerFactory.lambda$static$0(ResourceMethodInvocationHandlerFactory.java:52)
	at org.glassfish.jersey.server.model.internal.AbstractJavaResourceMethodDispatcher$1.run(AbstractJavaResourceMethodDispatcher.java:146)
	at org.glassfish.jersey.server.model.internal.AbstractJavaResourceMethodDispatcher.invoke(AbstractJavaResourceMethodDispatcher.java:189)
	at org.glassfish.jersey.server.model.internal.JavaResourceMethodDispatcherProvider$ResponseOutInvoker.doDispatch(JavaResourceMethodDispatcherProvider.java:176)
	at org.glassfish.jersey.server.model.internal.AbstractJavaResourceMethodDispatcher.dispatch(AbstractJavaResourceMethodDispatcher.java:93)
	at org.glassfish.jersey.server.model.ResourceMethodInvoker.invoke(ResourceMethodInvoker.java:478)
	at org.glassfish.jersey.server.model.ResourceMethodInvoker.apply(ResourceMethodInvoker.java:400)
	at org.glassfish.jersey.server.model.ResourceMethodInvoker.apply(ResourceMethodInvoker.java:81)
	at org.glassfish.jersey.server.ServerRuntime$1.run(ServerRuntime.java:274)
	at org.glassfish.jersey.internal.Errors$1.call(Errors.java:248)
	at org.glassfish.jersey.internal.Errors$1.call(Errors.java:244)
	at org.glassfish.jersey.internal.Errors.process(Errors.java:292)
	at org.glassfish.jersey.internal.Errors.process(Errors.java:274)
	at org.glassfish.jersey.internal.Errors.process(Errors.java:244)
	at org.glassfish.jersey.process.internal.RequestScope.runInScope(RequestScope.java:266)
	at org.glassfish.jersey.server.ServerRuntime.process(ServerRuntime.java:253)
	at org.glassfish.jersey.server.ApplicationHandler.handle(ApplicationHandler.java:696)
	at org.glassfish.jersey.grizzly2.httpserver.GrizzlyHttpContainer.service(GrizzlyHttpContainer.java:367)
	at org.glassfish.grizzly.http.server.HttpHandler$1.run(HttpHandler.java:190)
	at org.glassfish.grizzly.threadpool.AbstractThreadPool$Worker.doWork(AbstractThreadPool.java:535)
	at org.glassfish.grizzly.threadpool.AbstractThreadPool$Worker.run(AbstractThreadPool.java:515)
	at java.base/java.lang.Thread.run(Thread.java:833)
Caused by: oracle.net.ns.NetException: ORA-12541: Não é possível estabelecer conexão. Não há listener em host fiap.com.br port 1521. (CONNECTION_ID=6z6bKXOTQ4WNLOhwYIAIPg==)
https://docs.oracle.com/error-help/db/ora-12541/
	at oracle.net.nt.TcpNTAdapter.handleEstablishSocketException(TcpNTAdapter.java:414)
	at oracle.net.nt.TcpNTAdapter.establishSocket(TcpNTAdapter.java:346)
	at oracle.net.nt.TcpNTAdapter.connect(TcpNTAdapter.java:224)
	at oracle.net.nt.ConnOption.connect(ConnOption.java:332)
	at oracle.net.nt.ConnStrategy.executeConnOption(ConnStrategy.java:1222)
	at oracle.net.nt.ConnStrategy.execute(ConnStrategy.java:761)
	at oracle.net.resolver.AddrResolution.resolveAndExecute(AddrResolution.java:711)
	at oracle.net.ns.NSProtocol.establishConnection(NSProtocol.java:959)
	at oracle.net.ns.NSProtocol.connect(NSProtocol.java:328)
	at oracle.jdbc.driver.T4CConnection.connectNetworkSessionProtocol(T4CConnection.java:3419)
	at oracle.jdbc.driver.T4CConnection.logon(T4CConnection.java:1018)
	... 36 more
Caused by: java.net.ConnectException: Connection timed out: no further information
	at java.base/sun.nio.ch.Net.pollConnect(Native Method)
	at java.base/sun.nio.ch.Net.pollConnectNow(Net.java:672)
	at java.base/sun.nio.ch.SocketChannelImpl.finishTimedConnect(SocketChannelImpl.java:1148)
	at java.base/sun.nio.ch.SocketChannelImpl.blockingConnect(SocketChannelImpl.java:1183)
	at java.base/sun.nio.ch.SocketAdaptor.connect(SocketAdaptor.java:100)
	at oracle.net.nt.TimeoutSocketChannel.doConnect(TimeoutSocketChannel.java:288)
	at oracle.net.nt.TimeoutSocketChannel.initializeSocketChannel(TimeoutSocketChannel.java:268)
	at oracle.net.nt.TimeoutSocketChannel.connect(TimeoutSocketChannel.java:235)
	at oracle.net.nt.TimeoutSocketChannel.<init>(TimeoutSocketChannel.java:202)
	at oracle.net.nt.TcpNTAdapter.establishSocket(TcpNTAdapter.java:335)
	... 45 more
nov. 14, 2024 4:49:53 PM org.glassfish.grizzly.http.server.NetworkListener shutdownNow
INFORMAÇÕES: Stopped listener bound to [localhost:8080]
]]></system-err>
  </testcase>
</testsuite>