<?xml version="1.0" encoding="UTF-8"?>
<testsuite xmlns:xsi="http://www.w3.org/2001/XMLSchema-instance" xsi:noNamespaceSchemaLocation="https://maven.apache.org/surefire/maven-surefire-plugin/xsd/surefire-test-report.xsd" version="3.0.2" name="com.example.ProjetoBOTest" time="0.004" tests="1" errors="1" skipped="0" failures="0">
  <properties>
[...]
</properties>
  <testcase name="testCalcularEficiênciaEnergetica" classname="com.example.ProjetoBOTest" time="0.003">
    <error message="Cannot invoke &quot;String.toLowerCase()&quot; because the return value of &quot;com.example.Model.ProjetoSustentavel.getTipoFonte()&quot; is null" type="java.lang.NullPointerException"><![CDATA[java.lang.NullPointerException: Cannot invoke "String.toLowerCase()" because the return value of "com.example.Model.ProjetoSustentavel.getTipoFonte()" is null
	at com.example.Model.ProjetoBO.calcularEficiênciaEnergetica(ProjetoBO.java:37)
	at com.example.ProjetoBOTest.testCalcularEficiênciaEnergetica(ProjetoBOTest.java:18)
	at java.base/java.lang.reflect.Method.invoke(Method.java:568)
	at java.base/java.util.ArrayList.forEach(ArrayList.java:1511)
	at java.base/java.util.ArrayList.forEach(ArrayList.java:1511)
]]></error>
  </testcase>
</testsuite>